<?xml version="1.0" encoding="UTF-8"?>
<!-- Generated by org.testng.reporters.JUnitXMLReporter -->
<testsuite ignored="4" hostname="LTIN207674" failures="6" tests="12" name="edge test" time="313.493" errors="0" timestamp="2024-02-27T10:59:38 IST">
  <testcase classname="TestCases.TC_01WebDevelopmentCourses" name="search" time="8.133"/>
  <testcase classname="TestCases.TC_01WebDevelopmentCourses" name="filters" time="5.691"/>
  <testcase classname="TestCases.TC_01WebDevelopmentCourses" name="courses" time="2.193">
    <failure type="org.apache.poi.openxml4j.exceptions.InvalidOperationException" message="You can&amp;apos;t add a part with a part name derived from another part ! [M1.11]">
      <![CDATA[org.apache.poi.openxml4j.exceptions.InvalidOperationException: You can't add a part with a part name derived from another part ! [M1.11]
at org.apache.poi.openxml4j.opc.PackagePartCollection.put(PackagePartCollection.java:72)
at org.apache.poi.openxml4j.opc.OPCPackage.createPart(OPCPackage.java:882)
at org.apache.poi.openxml4j.opc.PackagePart.getOutputStream(PackagePart.java:529)
at org.apache.poi.xssf.usermodel.XSSFWorkbook.commit(XSSFWorkbook.java:1817)
at org.apache.poi.ooxml.POIXMLDocumentPart.onSave(POIXMLDocumentPart.java:467)
at org.apache.poi.ooxml.POIXMLDocument.write(POIXMLDocument.java:221)
at Utility.excel.setcelldata(excel.java:34)
at TestCases.TC_01WebDevelopmentCourses.courses(TC_01WebDevelopmentCourses.java:51)
at java.base/java.util.ArrayList.forEach(ArrayList.java:1511)
at java.base/java.util.concurrent.FutureTask.run(FutureTask.java:264)
at java.base/java.util.concurrent.ThreadPoolExecutor.runWorker(ThreadPoolExecutor.java:1136)
at java.base/java.util.concurrent.ThreadPoolExecutor$Worker.run(ThreadPoolExecutor.java:635)
at java.base/java.lang.Thread.run(Thread.java:840)
... Removed 17 stack frames]]>
    </failure>
  </testcase> <!-- courses -->
  <testcase classname="TestCases.TC_01WebDevelopmentCourses" name="firstcourse" time="0.602"/>
  <testcase classname="TestCases.TC_01WebDevelopmentCourses" name="secondcourse" time="0.404"/>
  <testcase classname="TestCases.TC_02LanguageLearning" name="lang_learn" time="6.222"/>
  <testcase classname="TestCases.TC_02LanguageLearning" name="levels" time="1.768"/>
  <testcase classname="TestCases.TC_02LanguageLearning" name="languages" time="2.459">
    <failure type="java.lang.IllegalArgumentException" message="partName">
      <![CDATA[java.lang.IllegalArgumentException: partName
at org.apache.poi.openxml4j.opc.OPCPackage.removePart(OPCPackage.java:989)
at org.apache.poi.openxml4j.opc.PackagePart.getOutputStream(PackagePart.java:526)
at org.apache.poi.xssf.usermodel.XSSFWorkbook.commit(XSSFWorkbook.java:1817)
at org.apache.poi.ooxml.POIXMLDocumentPart.onSave(POIXMLDocumentPart.java:467)
at org.apache.poi.ooxml.POIXMLDocument.write(POIXMLDocument.java:221)
at Utility.excel.setcelldata(excel.java:34)
at TestCases.TC_02LanguageLearning.languages(TC_02LanguageLearning.java:72)
at java.base/java.util.ArrayList.forEach(ArrayList.java:1511)
at java.base/java.util.concurrent.FutureTask.run(FutureTask.java:264)
at java.base/java.util.concurrent.ThreadPoolExecutor.runWorker(ThreadPoolExecutor.java:1136)
at java.base/java.util.concurrent.ThreadPoolExecutor$Worker.run(ThreadPoolExecutor.java:635)
at java.base/java.lang.Thread.run(Thread.java:840)
... Removed 17 stack frames]]>
    </failure>
  </testcase> <!-- languages -->
  <testcase classname="TestCases.TC_02LanguageLearning" name="enterprise" time="32.513">
    <failure type="org.openqa.selenium.ElementClickInterceptedException" message="element click intercepted: Element &amp;lt;p class=&amp;quot;cds-119 css-1cg99il cds-121&amp;quot;&amp;gt;...&amp;lt;/p&amp;gt; is not clickable at point (920, 427). Other element would receive the click: &amp;lt;iframe class=&amp;quot;drift-frame-controller&amp;quot; scrolling=&amp;quot;no&amp;quot; title=&amp;quot;Drift Widget Chat Controller&amp;quot; allow=&amp;quot;autoplay; encrypted-media; fullscreen;&amp;quot; frameborder=&amp;quot;0&amp;quot; src=&amp;quot;https://js.driftt.com/core?d=1&amp;amp;amp;embedId=mpta5ez37rme&amp;amp;amp;eId=mpta5ez37rme&amp;amp;amp;region=US&amp;amp;amp;forceShow=false&amp;amp;amp;skipCampaigns=false&amp;amp;amp;sessionId=00c4831b-95ff-4628-bfa8-f9c1cc07b05e&amp;amp;amp;sessionStarted=1709011534.029&amp;amp;amp;campaignRefreshToken=f47d6b93-58f3-4f7f-840f-a9a6cef75457&amp;amp;amp;hideController=false&amp;amp;amp;pageLoadStartTime=1709011526451&amp;amp;amp;mode=CHAT&amp;amp;amp;driftEnableLog=false&amp;amp;amp;secureIframe=false&amp;amp;amp;u=https%3A%2F%2Fwww.coursera.org%2Fbusiness%3Futm_content%3Dcorp-to-home-for-enterprise%26utm_campaign%3Dwebsite%26utm_medium%3Dcoursera%26utm_source%3Dheader%26utm_term%3Db-out&amp;quot; style=&amp;quot;background: transparent; width: 360px; max-width: 100%; height: 100px; border: none;&amp;quot;&amp;gt;&amp;lt;/iframe&amp;gt;
  (Session info: MicrosoftEdge=122.0.2365.52)
Build info: version: &amp;apos;4.15.0&amp;apos;, revision: &amp;apos;1d14b5521b&amp;apos;
System info: os.name: &amp;apos;Windows 11&amp;apos;, os.arch: &amp;apos;amd64&amp;apos;, os.version: &amp;apos;10.0&amp;apos;, java.version: &amp;apos;17.0.9&amp;apos;
Driver info: org.openqa.selenium.edge.EdgeDriver
Command: [99b8d583cab68d390621048deaed3db2, clickElement {id=f.89EE885BDA4AD47D536DD0A88349F05F.d.4883A4CB36D75B40047A858A2EE8CC19.e.389}]
Capabilities {acceptInsecureCerts: false, browserName: MicrosoftEdge, browserVersion: 122.0.2365.52, fedcm:accounts: true, ms:edgeOptions: {debuggerAddress: localhost:59143}, msedge: {msedgedriverVersion: 122.0.2365.52 (dcf246d1e496..., userDataDir: C:\Windows\SystemTemp\scope...}, networkConnectionEnabled: false, pageLoadStrategy: normal, platformName: windows, proxy: Proxy(), se:cdp: ws://localhost:59143/devtoo..., se:cdpVersion: 122.0.2365.52, setWindowRect: true, strictFileInteractability: false, timeouts: {implicit: 0, pageLoad: 300000, script: 30000}, unhandledPromptBehavior: dismiss and notify, webauthn:extension:credBlob: true, webauthn:extension:largeBlob: true, webauthn:extension:minPinLength: true, webauthn:extension:prf: true, webauthn:virtualAuthenticators: true}
Element: [[EdgeDriver: MicrosoftEdge on windows (99b8d583cab68d390621048deaed3db2)] -&amp;gt; xpath: //p[normalize-space()=&amp;apos;Coursera for Campus&amp;apos;]]
Session ID: 99b8d583cab68d390621048deaed3db2">
      <![CDATA[org.openqa.selenium.ElementClickInterceptedException: element click intercepted: Element <p class="cds-119 css-1cg99il cds-121">...</p> is not clickable at point (920, 427). Other element would receive the click: <iframe class="drift-frame-controller" scrolling="no" title="Drift Widget Chat Controller" allow="autoplay; encrypted-media; fullscreen;" frameborder="0" src="https://js.driftt.com/core?d=1&amp;embedId=mpta5ez37rme&amp;eId=mpta5ez37rme&amp;region=US&amp;forceShow=false&amp;skipCampaigns=false&amp;sessionId=00c4831b-95ff-4628-bfa8-f9c1cc07b05e&amp;sessionStarted=1709011534.029&amp;campaignRefreshToken=f47d6b93-58f3-4f7f-840f-a9a6cef75457&amp;hideController=false&amp;pageLoadStartTime=1709011526451&amp;mode=CHAT&amp;driftEnableLog=false&amp;secureIframe=false&amp;u=https%3A%2F%2Fwww.coursera.org%2Fbusiness%3Futm_content%3Dcorp-to-home-for-enterprise%26utm_campaign%3Dwebsite%26utm_medium%3Dcoursera%26utm_source%3Dheader%26utm_term%3Db-out" style="background: transparent; width: 360px; max-width: 100%; height: 100px; border: none;"></iframe>
  (Session info: MicrosoftEdge=122.0.2365.52)
Build info: version: '4.15.0', revision: '1d14b5521b'
System info: os.name: 'Windows 11', os.arch: 'amd64', os.version: '10.0', java.version: '17.0.9'
Driver info: org.openqa.selenium.edge.EdgeDriver
Command: [99b8d583cab68d390621048deaed3db2, clickElement {id=f.89EE885BDA4AD47D536DD0A88349F05F.d.4883A4CB36D75B40047A858A2EE8CC19.e.389}]
Capabilities {acceptInsecureCerts: false, browserName: MicrosoftEdge, browserVersion: 122.0.2365.52, fedcm:accounts: true, ms:edgeOptions: {debuggerAddress: localhost:59143}, msedge: {msedgedriverVersion: 122.0.2365.52 (dcf246d1e496..., userDataDir: C:\Windows\SystemTemp\scope...}, networkConnectionEnabled: false, pageLoadStrategy: normal, platformName: windows, proxy: Proxy(), se:cdp: ws://localhost:59143/devtoo..., se:cdpVersion: 122.0.2365.52, setWindowRect: true, strictFileInteractability: false, timeouts: {implicit: 0, pageLoad: 300000, script: 30000}, unhandledPromptBehavior: dismiss and notify, webauthn:extension:credBlob: true, webauthn:extension:largeBlob: true, webauthn:extension:minPinLength: true, webauthn:extension:prf: true, webauthn:virtualAuthenticators: true}
Element: [[EdgeDriver: MicrosoftEdge on windows (99b8d583cab68d390621048deaed3db2)] -> xpath: //p[normalize-space()='Coursera for Campus']]
Session ID: 99b8d583cab68d390621048deaed3db2
at org.openqa.selenium.remote.codec.w3c.W3CHttpResponseCodec.createException(W3CHttpResponseCodec.java:200)
at org.openqa.selenium.remote.codec.w3c.W3CHttpResponseCodec.decode(W3CHttpResponseCodec.java:133)
at org.openqa.selenium.remote.codec.w3c.W3CHttpResponseCodec.decode(W3CHttpResponseCodec.java:52)
at org.openqa.selenium.remote.HttpCommandExecutor.execute(HttpCommandExecutor.java:191)
at org.openqa.selenium.remote.service.DriverCommandExecutor.invokeExecute(DriverCommandExecutor.java:200)
at org.openqa.selenium.remote.service.DriverCommandExecutor.execute(DriverCommandExecutor.java:175)
at org.openqa.selenium.remote.RemoteWebDriver.execute(RemoteWebDriver.java:607)
at org.openqa.selenium.remote.RemoteWebElement.execute(RemoteWebElement.java:224)
at org.openqa.selenium.remote.RemoteWebElement.click(RemoteWebElement.java:77)
at org.openqa.selenium.support.pagefactory.internal.LocatingElementHandler.invoke(LocatingElementHandler.java:51)
at jdk.proxy2/jdk.proxy2.$Proxy16.click(Unknown Source)
at PageObjects.LanguageLearningPage.solutions(LanguageLearningPage.java:83)
at TestCases.TC_02LanguageLearning.enterprise(TC_02LanguageLearning.java:89)
at java.base/java.util.ArrayList.forEach(ArrayList.java:1511)
at java.base/java.util.concurrent.FutureTask.run(FutureTask.java:264)
at java.base/java.util.concurrent.ThreadPoolExecutor.runWorker(ThreadPoolExecutor.java:1136)
at java.base/java.util.concurrent.ThreadPoolExecutor$Worker.run(ThreadPoolExecutor.java:635)
at java.base/java.lang.Thread.run(Thread.java:840)
... Removed 26 stack frames]]>
    </failure>
  </testcase> <!-- enterprise -->
  <testcase classname="TestCases.TC_03FillingForm" name="form" time="20.418">
    <failure type="org.openqa.selenium.ElementNotInteractableException" message="element not interactable
  (Session info: MicrosoftEdge=122.0.2365.52)
Build info: version: &amp;apos;4.15.0&amp;apos;, revision: &amp;apos;1d14b5521b&amp;apos;
System info: os.name: &amp;apos;Windows 11&amp;apos;, os.arch: &amp;apos;amd64&amp;apos;, os.version: &amp;apos;10.0&amp;apos;, java.version: &amp;apos;17.0.9&amp;apos;
Driver info: org.openqa.selenium.edge.EdgeDriver
Command: [99b8d583cab68d390621048deaed3db2, sendKeysToElement {id=f.89EE885BDA4AD47D536DD0A88349F05F.d.4883A4CB36D75B40047A858A2EE8CC19.e.372, value=[Ljava.lang.CharSequence;@68edc2bd}]
Capabilities {acceptInsecureCerts: false, browserName: MicrosoftEdge, browserVersion: 122.0.2365.52, fedcm:accounts: true, ms:edgeOptions: {debuggerAddress: localhost:59143}, msedge: {msedgedriverVersion: 122.0.2365.52 (dcf246d1e496..., userDataDir: C:\Windows\SystemTemp\scope...}, networkConnectionEnabled: false, pageLoadStrategy: normal, platformName: windows, proxy: Proxy(), se:cdp: ws://localhost:59143/devtoo..., se:cdpVersion: 122.0.2365.52, setWindowRect: true, strictFileInteractability: false, timeouts: {implicit: 0, pageLoad: 300000, script: 30000}, unhandledPromptBehavior: dismiss and notify, webauthn:extension:credBlob: true, webauthn:extension:largeBlob: true, webauthn:extension:minPinLength: true, webauthn:extension:prf: true, webauthn:virtualAuthenticators: true}
Element: [[EdgeDriver: MicrosoftEdge on windows (99b8d583cab68d390621048deaed3db2)] -&amp;gt; id: FirstName]
Session ID: 99b8d583cab68d390621048deaed3db2">
      <![CDATA[org.openqa.selenium.ElementNotInteractableException: element not interactable
  (Session info: MicrosoftEdge=122.0.2365.52)
Build info: version: '4.15.0', revision: '1d14b5521b'
System info: os.name: 'Windows 11', os.arch: 'amd64', os.version: '10.0', java.version: '17.0.9'
Driver info: org.openqa.selenium.edge.EdgeDriver
Command: [99b8d583cab68d390621048deaed3db2, sendKeysToElement {id=f.89EE885BDA4AD47D536DD0A88349F05F.d.4883A4CB36D75B40047A858A2EE8CC19.e.372, value=[Ljava.lang.CharSequence;@68edc2bd}]
Capabilities {acceptInsecureCerts: false, browserName: MicrosoftEdge, browserVersion: 122.0.2365.52, fedcm:accounts: true, ms:edgeOptions: {debuggerAddress: localhost:59143}, msedge: {msedgedriverVersion: 122.0.2365.52 (dcf246d1e496..., userDataDir: C:\Windows\SystemTemp\scope...}, networkConnectionEnabled: false, pageLoadStrategy: normal, platformName: windows, proxy: Proxy(), se:cdp: ws://localhost:59143/devtoo..., se:cdpVersion: 122.0.2365.52, setWindowRect: true, strictFileInteractability: false, timeouts: {implicit: 0, pageLoad: 300000, script: 30000}, unhandledPromptBehavior: dismiss and notify, webauthn:extension:credBlob: true, webauthn:extension:largeBlob: true, webauthn:extension:minPinLength: true, webauthn:extension:prf: true, webauthn:virtualAuthenticators: true}
Element: [[EdgeDriver: MicrosoftEdge on windows (99b8d583cab68d390621048deaed3db2)] -> id: FirstName]
Session ID: 99b8d583cab68d390621048deaed3db2
at org.openqa.selenium.remote.codec.w3c.W3CHttpResponseCodec.createException(W3CHttpResponseCodec.java:200)
at org.openqa.selenium.remote.codec.w3c.W3CHttpResponseCodec.decode(W3CHttpResponseCodec.java:133)
at org.openqa.selenium.remote.codec.w3c.W3CHttpResponseCodec.decode(W3CHttpResponseCodec.java:52)
at org.openqa.selenium.remote.HttpCommandExecutor.execute(HttpCommandExecutor.java:191)
at org.openqa.selenium.remote.service.DriverCommandExecutor.invokeExecute(DriverCommandExecutor.java:200)
at org.openqa.selenium.remote.service.DriverCommandExecutor.execute(DriverCommandExecutor.java:175)
at org.openqa.selenium.remote.RemoteWebDriver.execute(RemoteWebDriver.java:607)
at org.openqa.selenium.remote.RemoteWebElement.execute(RemoteWebElement.java:224)
at org.openqa.selenium.remote.RemoteWebElement.sendKeys(RemoteWebElement.java:111)
at org.openqa.selenium.support.pagefactory.internal.LocatingElementHandler.invoke(LocatingElementHandler.java:51)
at jdk.proxy2/jdk.proxy2.$Proxy16.sendKeys(Unknown Source)
at PageObjects.FormPage.Firstname(FormPage.java:44)
at TestCases.TC_03FillingForm.form(TC_03FillingForm.java:22)
at java.base/java.util.ArrayList.forEach(ArrayList.java:1511)
at java.base/java.util.concurrent.FutureTask.run(FutureTask.java:264)
at java.base/java.util.concurrent.ThreadPoolExecutor.runWorker(ThreadPoolExecutor.java:1136)
at java.base/java.util.concurrent.ThreadPoolExecutor$Worker.run(ThreadPoolExecutor.java:635)
at java.base/java.lang.Thread.run(Thread.java:840)
... Removed 26 stack frames]]>
    </failure>
  </testcase> <!-- form -->
  <testcase classname="TestCases.TC_03FillingForm" name="error_msg" time="10.195">
    <failure type="org.openqa.selenium.NoSuchElementException" message="no such element: Unable to locate element: {&amp;quot;method&amp;quot;:&amp;quot;xpath&amp;quot;,&amp;quot;selector&amp;quot;:&amp;quot;//*[@id=&amp;apos;ValidMsgEmail&amp;apos;]&amp;quot;}
  (Session info: MicrosoftEdge=122.0.2365.52)
For documentation on this error, please visit: https://www.selenium.dev/documentation/webdriver/troubleshooting/errors#no-such-element-exception
Build info: version: &amp;apos;4.15.0&amp;apos;, revision: &amp;apos;1d14b5521b&amp;apos;
System info: os.name: &amp;apos;Windows 11&amp;apos;, os.arch: &amp;apos;amd64&amp;apos;, os.version: &amp;apos;10.0&amp;apos;, java.version: &amp;apos;17.0.9&amp;apos;
Driver info: org.openqa.selenium.edge.EdgeDriver
Command: [99b8d583cab68d390621048deaed3db2, findElement {using=xpath, value=//*[@id=&amp;apos;ValidMsgEmail&amp;apos;]}]
Capabilities {acceptInsecureCerts: false, browserName: MicrosoftEdge, browserVersion: 122.0.2365.52, fedcm:accounts: true, ms:edgeOptions: {debuggerAddress: localhost:59143}, msedge: {msedgedriverVersion: 122.0.2365.52 (dcf246d1e496..., userDataDir: C:\Windows\SystemTemp\scope...}, networkConnectionEnabled: false, pageLoadStrategy: normal, platformName: windows, proxy: Proxy(), se:cdp: ws://localhost:59143/devtoo..., se:cdpVersion: 122.0.2365.52, setWindowRect: true, strictFileInteractability: false, timeouts: {implicit: 0, pageLoad: 300000, script: 30000}, unhandledPromptBehavior: dismiss and notify, webauthn:extension:credBlob: true, webauthn:extension:largeBlob: true, webauthn:extension:minPinLength: true, webauthn:extension:prf: true, webauthn:virtualAuthenticators: true}
Session ID: 99b8d583cab68d390621048deaed3db2">
      <![CDATA[org.openqa.selenium.NoSuchElementException: no such element: Unable to locate element: {"method":"xpath","selector":"//*[@id='ValidMsgEmail']"}
  (Session info: MicrosoftEdge=122.0.2365.52)
For documentation on this error, please visit: https://www.selenium.dev/documentation/webdriver/troubleshooting/errors#no-such-element-exception
Build info: version: '4.15.0', revision: '1d14b5521b'
System info: os.name: 'Windows 11', os.arch: 'amd64', os.version: '10.0', java.version: '17.0.9'
Driver info: org.openqa.selenium.edge.EdgeDriver
Command: [99b8d583cab68d390621048deaed3db2, findElement {using=xpath, value=//*[@id='ValidMsgEmail']}]
Capabilities {acceptInsecureCerts: false, browserName: MicrosoftEdge, browserVersion: 122.0.2365.52, fedcm:accounts: true, ms:edgeOptions: {debuggerAddress: localhost:59143}, msedge: {msedgedriverVersion: 122.0.2365.52 (dcf246d1e496..., userDataDir: C:\Windows\SystemTemp\scope...}, networkConnectionEnabled: false, pageLoadStrategy: normal, platformName: windows, proxy: Proxy(), se:cdp: ws://localhost:59143/devtoo..., se:cdpVersion: 122.0.2365.52, setWindowRect: true, strictFileInteractability: false, timeouts: {implicit: 0, pageLoad: 300000, script: 30000}, unhandledPromptBehavior: dismiss and notify, webauthn:extension:credBlob: true, webauthn:extension:largeBlob: true, webauthn:extension:minPinLength: true, webauthn:extension:prf: true, webauthn:virtualAuthenticators: true}
Session ID: 99b8d583cab68d390621048deaed3db2
at org.openqa.selenium.remote.codec.w3c.W3CHttpResponseCodec.createException(W3CHttpResponseCodec.java:200)
at org.openqa.selenium.remote.codec.w3c.W3CHttpResponseCodec.decode(W3CHttpResponseCodec.java:133)
at org.openqa.selenium.remote.codec.w3c.W3CHttpResponseCodec.decode(W3CHttpResponseCodec.java:52)
at org.openqa.selenium.remote.HttpCommandExecutor.execute(HttpCommandExecutor.java:191)
at org.openqa.selenium.remote.service.DriverCommandExecutor.invokeExecute(DriverCommandExecutor.java:200)
at org.openqa.selenium.remote.service.DriverCommandExecutor.execute(DriverCommandExecutor.java:175)
at org.openqa.selenium.remote.RemoteWebDriver.execute(RemoteWebDriver.java:607)
at org.openqa.selenium.remote.ElementLocation$ElementFinder$2.findElement(ElementLocation.java:165)
at org.openqa.selenium.remote.ElementLocation.findElement(ElementLocation.java:59)
at org.openqa.selenium.remote.RemoteWebDriver.findElement(RemoteWebDriver.java:364)
at org.openqa.selenium.remote.RemoteWebDriver.findElement(RemoteWebDriver.java:358)
at org.openqa.selenium.support.pagefactory.DefaultElementLocator.findElement(DefaultElementLocator.java:68)
at org.openqa.selenium.support.pagefactory.internal.LocatingElementHandler.invoke(LocatingElementHandler.java:38)
at jdk.proxy2/jdk.proxy2.$Proxy16.getText(Unknown Source)
at PageObjects.FormPage.Errormsg(FormPage.java:98)
at TestCases.TC_03FillingForm.error_msg(TC_03FillingForm.java:45)
at java.base/java.util.ArrayList.forEach(ArrayList.java:1511)
at java.base/java.util.concurrent.FutureTask.run(FutureTask.java:264)
at java.base/java.util.concurrent.ThreadPoolExecutor.runWorker(ThreadPoolExecutor.java:1136)
at java.base/java.util.concurrent.ThreadPoolExecutor$Worker.run(ThreadPoolExecutor.java:635)
at java.base/java.lang.Thread.run(Thread.java:840)
... Removed 22 stack frames]]>
    </failure>
  </testcase> <!-- error_msg -->
  <testcase classname="TestCases.TC_03FillingForm" name="error_msg" time="190.234">
    <failure type="org.openqa.selenium.TimeoutException" message="java.util.concurrent.TimeoutException
Build info: version: &amp;apos;4.15.0&amp;apos;, revision: &amp;apos;1d14b5521b&amp;apos;
System info: os.name: &amp;apos;Windows 11&amp;apos;, os.arch: &amp;apos;amd64&amp;apos;, os.version: &amp;apos;10.0&amp;apos;, java.version: &amp;apos;17.0.9&amp;apos;
Driver info: org.openqa.selenium.edge.EdgeDriver
Command: [99b8d583cab68d390621048deaed3db2, screenshot {}]
Capabilities {acceptInsecureCerts: false, browserName: MicrosoftEdge, browserVersion: 122.0.2365.52, fedcm:accounts: true, ms:edgeOptions: {debuggerAddress: localhost:59143}, msedge: {msedgedriverVersion: 122.0.2365.52 (dcf246d1e496..., userDataDir: C:\Windows\SystemTemp\scope...}, networkConnectionEnabled: false, pageLoadStrategy: normal, platformName: windows, proxy: Proxy(), se:cdp: ws://localhost:59143/devtoo..., se:cdpVersion: 122.0.2365.52, setWindowRect: true, strictFileInteractability: false, timeouts: {implicit: 0, pageLoad: 300000, script: 30000}, unhandledPromptBehavior: dismiss and notify, webauthn:extension:credBlob: true, webauthn:extension:largeBlob: true, webauthn:extension:minPinLength: true, webauthn:extension:prf: true, webauthn:virtualAuthenticators: true}">
      <![CDATA[org.openqa.selenium.TimeoutException: java.util.concurrent.TimeoutException
Build info: version: '4.15.0', revision: '1d14b5521b'
System info: os.name: 'Windows 11', os.arch: 'amd64', os.version: '10.0', java.version: '17.0.9'
Driver info: org.openqa.selenium.edge.EdgeDriver
Command: [99b8d583cab68d390621048deaed3db2, screenshot {}]
Capabilities {acceptInsecureCerts: false, browserName: MicrosoftEdge, browserVersion: 122.0.2365.52, fedcm:accounts: true, ms:edgeOptions: {debuggerAddress: localhost:59143}, msedge: {msedgedriverVersion: 122.0.2365.52 (dcf246d1e496..., userDataDir: C:\Windows\SystemTemp\scope...}, networkConnectionEnabled: false, pageLoadStrategy: normal, platformName: windows, proxy: Proxy(), se:cdp: ws://localhost:59143/devtoo..., se:cdpVersion: 122.0.2365.52, setWindowRect: true, strictFileInteractability: false, timeouts: {implicit: 0, pageLoad: 300000, script: 30000}, unhandledPromptBehavior: dismiss and notify, webauthn:extension:credBlob: true, webauthn:extension:largeBlob: true, webauthn:extension:minPinLength: true, webauthn:extension:prf: true, webauthn:virtualAuthenticators: true}
at org.openqa.selenium.remote.http.jdk.JdkHttpClient.execute0(JdkHttpClient.java:410)
at org.openqa.selenium.remote.http.AddSeleniumUserAgent.lambda$apply$0(AddSeleniumUserAgent.java:42)
at org.openqa.selenium.remote.http.Filter.lambda$andFinally$1(Filter.java:55)
at org.openqa.selenium.remote.http.jdk.JdkHttpClient.execute(JdkHttpClient.java:366)
at org.openqa.selenium.remote.HttpCommandExecutor.execute(HttpCommandExecutor.java:188)
at org.openqa.selenium.remote.service.DriverCommandExecutor.invokeExecute(DriverCommandExecutor.java:200)
at org.openqa.selenium.remote.service.DriverCommandExecutor.execute(DriverCommandExecutor.java:175)
at org.openqa.selenium.remote.RemoteWebDriver.execute(RemoteWebDriver.java:607)
at org.openqa.selenium.remote.RemoteWebDriver.execute(RemoteWebDriver.java:680)
at org.openqa.selenium.remote.RemoteWebDriver.execute(RemoteWebDriver.java:684)
at org.openqa.selenium.remote.RemoteWebDriver.getScreenshotAs(RemoteWebDriver.java:330)
at factory.BaseClass.screenshot(BaseClass.java:81)
at Utility.extentReports.onTestFailure(extentReports.java:59)
at java.base/java.util.ArrayList.forEach(ArrayList.java:1511)
at java.base/java.util.concurrent.FutureTask.run(FutureTask.java:264)
at java.base/java.util.concurrent.ThreadPoolExecutor.runWorker(ThreadPoolExecutor.java:1136)
at java.base/java.util.concurrent.ThreadPoolExecutor$Worker.run(ThreadPoolExecutor.java:635)
at java.base/java.lang.Thread.run(Thread.java:840)
Caused by: java.util.concurrent.TimeoutException
at java.base/java.util.concurrent.CompletableFuture.timedGet(CompletableFuture.java:1960)
at java.base/java.util.concurrent.CompletableFuture.get(CompletableFuture.java:2095)
at org.openqa.selenium.remote.http.jdk.JdkHttpClient.execute0(JdkHttpClient.java:393)
... 31 more
... Removed 14 stack frames]]>
    </failure>
  </testcase> <!-- error_msg -->
  <testcase classname="factory.BaseClass" name="@AfterTest close_browser" time="0.0">
    <ignored/>
  </testcase> <!-- @AfterTest close_browser -->
  <testcase classname="factory.BaseClass" name="@BeforeTest driver_setup" time="0.0">
    <ignored/>
  </testcase> <!-- @BeforeTest driver_setup -->
  <testcase classname="factory.BaseClass" name="@AfterTest close_browser" time="0.0">
    <ignored/>
  </testcase> <!-- @AfterTest close_browser -->
  <testcase classname="factory.BaseClass" name="@BeforeTest driver_setup" time="0.0">
    <ignored/>
  </testcase> <!-- @BeforeTest driver_setup -->
</testsuite> <!-- edge test -->
